\BOOKMARK [1][-]{section*.1}{ABSTRACT}{section*.2}% 1
\BOOKMARK [1][-]{section.1}{Introduction}{}% 2
\BOOKMARK [1][-]{section.2}{Background}{}% 3
\BOOKMARK [2][-]{subsection.2.1}{Spectroscopy}{section.2}% 4
\BOOKMARK [2][-]{subsection.2.2}{Sparse coding}{section.2}% 5
\BOOKMARK [1][-]{section.3}{Related work}{}% 6
\BOOKMARK [1][-]{section.4}{Data}{}% 7
\BOOKMARK [2][-]{subsection.4.1}{Synthetic data}{section.4}% 8
\BOOKMARK [2][-]{subsection.4.2}{Splatalogue. Catalogue of theoretical lines}{section.4}% 9
\BOOKMARK [2][-]{subsection.4.3}{ASYDO. Synthetic data}{section.4}% 10
\BOOKMARK [1][-]{section.5}{Algorithm}{}% 11
\BOOKMARK [2][-]{subsection.5.1}{Pre-processing}{section.5}% 12
\BOOKMARK [3][-]{subsubsection.5.1.1}{Delta Dirac function}{subsection.5.1}% 13
\BOOKMARK [3][-]{subsubsection.5.1.2}{Candidate emission lines}{subsection.5.1}% 14
\BOOKMARK [3][-]{subsubsection.5.1.3}{Recalibration}{subsection.5.1}% 15
\BOOKMARK [2][-]{subsection.5.2}{Prediction}{section.5}% 16
\BOOKMARK [3][-]{subsubsection.5.2.1}{Probability of prediction}{subsection.5.2}% 17
\BOOKMARK [2][-]{subsection.5.3}{Training/Test set}{section.5}% 18
\BOOKMARK [1][-]{section.6}{Experimental results}{}% 19
\BOOKMARK [2][-]{subsection.6.1}{Measure of accuracy}{section.6}% 20
\BOOKMARK [2][-]{subsection.6.2}{Prediction results}{section.6}% 21
\BOOKMARK [2][-]{subsection.6.3}{Signal to noise effect in predictions}{section.6}% 22
\BOOKMARK [2][-]{subsection.6.4}{Variable width effect in predictions}{section.6}% 23
\BOOKMARK [2][-]{subsection.6.5}{Complex cases}{section.6}% 24
\BOOKMARK [1][-]{section.7}{Conclusion}{}% 25
\BOOKMARK [1][-]{section*.2}{References}{}% 26
